<?xml version="1.0" encoding="UTF-8"?>
<testsuite xmlns:xsi="http://www.w3.org/2001/XMLSchema-instance" xsi:noNamespaceSchemaLocation="https://maven.apache.org/surefire/maven-surefire-plugin/xsd/surefire-test-report-3.0.xsd" version="3.0" name="ecorecicla.model.PontoDeColetaTest" time="0.001" tests="12" errors="0" skipped="0" failures="0">
  <properties>
[...]
</properties>
  <testcase name="naoDeveAdicionarMaterialNulo" classname="ecorecicla.model.PontoDeColetaTest" time="0.0"/>
  <testcase name="deveAcessarEAlterarHorario" classname="ecorecicla.model.PontoDeColetaTest" time="0.0"/>
  <testcase name="deveAdicionarMaterialValido" classname="ecorecicla.model.PontoDeColetaTest" time="0.0"/>
  <testcase name="alteracaoNaListaRetornadaNaoDeveAlterarListaOriginal" classname="ecorecicla.model.PontoDeColetaTest" time="0.0"/>
  <testcase name="deveIniciarDisponivelESemMateriais" classname="ecorecicla.model.PontoDeColetaTest" time="0.0"/>
  <testcase name="deveCalcularDistanciaPositivaEntreCoordenadasDiferentes" classname="ecorecicla.model.PontoDeColetaTest" time="0.0"/>
  <testcase name="deveAcessarEAlterarLatitudeELongitude" classname="ecorecicla.model.PontoDeColetaTest" time="0.0"/>
  <testcase name="naoDeveAdicionarOMesmoMaterialDuasVezes" classname="ecorecicla.model.PontoDeColetaTest" time="0.0"/>
  <testcase name="deveCalcularDistanciaZeroParaAsMesmasCoordenadas" classname="ecorecicla.model.PontoDeColetaTest" time="0.0"/>
  <testcase name="deveAcessarEAlterarNome" classname="ecorecicla.model.PontoDeColetaTest" time="0.0"/>
  <testcase name="deveAcessarEAlterarDisponibilidade" classname="ecorecicla.model.PontoDeColetaTest" time="0.0"/>
  <testcase name="deveAcessarEAlterarEndereco" classname="ecorecicla.model.PontoDeColetaTest" time="0.0"/>
</testsuite>